uuu_version 1.0.1

SDP: boot -f "$UBOOT_BIN"

SDPU: delay 1000
SDPU: write -f "$UBOOT_BIN" -offset 0x57c00
SDPU: jump
SDPU: delay 1000

SDPV: delay 1000
SDPV: write -f "$UBOOT_BIN" -skipspl
SDPV: jump

SDPS: boot -f "$UBOOT_BIN"

FB: ucmd setenv fastboot_dev mmc
FB: ucmd setenv mmcdev 0
# Commented, because flashes to offset 66*512 on first partition of mmc (which has offset 4*512 in my images) instead of mmc0:0!?!
# FB: flash bootloader ../uboot/bin/uboot_firmware_and_dtb.bin
# Workarround:
FB: ucmd setenv fastboot_buffer 0x43000000
FB: download -f "$UBOOT_BIN"
FB: ucmd setexpr flash_block_count 0x$${fastboot_bytes} + 0x1FF
FB: ucmd setexpr flash_block_count 0x$${flash_block_count} / 0x200
FB: ucmd mmc dev 0 0
FB: ucmd echo mmc write $${fastboot_buffer} 0x42 0x$${flash_block_count}
FB: ucmd mmc write $${fastboot_buffer} 0x42 0x$${flash_block_count}
FB: Done
